Search path: d:/PeopleTechWeek3/ProjectMain/WebContent/WEB-INF/lib
No config files found.
Angular Language Service: 5.2.2-250c8da
TypeScript: 2.6.2
getTemplateReferences: 111ms
getDiagnostics: 1ms
remove project: d:/PeopleTechWeek3/ProjectMain/WebContent/WEB-INF/lib/AddNewEvent.html
Search path: d:/PeopleTechWeek3/ProjectMain/WebContent/WEB-INF/lib
No config files found.
Angular Language Service: 5.2.2-250c8da
TypeScript: 2.6.2
getTemplateReferences: 83ms
getDiagnostics: 0ms
remove project: d:/PeopleTechWeek3/ProjectMain/WebContent/WEB-INF/lib/AddNewEvent.html
Search path: d:/PeopleTechWeek3/ProjectMain/WebContent/WEB-INF/lib
No config files found.
Angular Language Service: 5.2.2-250c8da
TypeScript: 2.6.2
getTemplateReferences: 103ms
getDiagnostics: 0ms
remove project: d:/PeopleTechWeek3/ProjectMain/WebContent/WEB-INF/lib/HelloForm.html
Search path: d:/PeopleTechWeek3/ProjectMain/WebContent/WEB-INF/lib
No config files found.
Angular Language Service: 5.2.2-250c8da
TypeScript: 2.6.2
getTemplateReferences: 75ms
getDiagnostics: 0ms
remove project: d:/PeopleTechWeek3/ProjectMain/WebContent/WEB-INF/lib/HelloForm.html
