[2019-01-17 10:56:43.057] [exthost1] [info] extension host started
[2019-01-17 10:56:43.369] [exthost1] [info] extension host started
[2019-01-17 10:56:43.414] [exthost1] [info] ExtensionService#_doActivateExtension vscode.debug-auto-launch {"startup":true,"activationEvent":"*"}
[2019-01-17 10:56:43.414] [exthost1] [info] ExtensionService#loadCommonJSModule c:\Users\Alec\.codemix\engine\resources\app\extensions\debug-auto-launch\out\extension
[2019-01-17 10:56:43.431] [exthost1] [info] ExtensionService#_doActivateExtension vscode.emmet {"startup":true,"activationEvent":"*"}
[2019-01-17 10:56:43.431] [exthost1] [info] ExtensionService#loadCommonJSModule c:\Users\Alec\.codemix\engine\resources\app\extensions\emmet\dist\extension
[2019-01-17 10:56:43.483] [exthost1] [info] ExtensionService#_doActivateExtension vscode.merge-conflict {"startup":true,"activationEvent":"*"}
[2019-01-17 10:56:43.483] [exthost1] [info] ExtensionService#loadCommonJSModule c:\Users\Alec\.codemix\engine\resources\app\extensions\merge-conflict\out\extension
[2019-01-17 10:56:43.521] [exthost1] [info] ExtensionService#_doActivateExtension vscode.search-rg {"startup":true,"activationEvent":"*"}
[2019-01-17 10:56:43.521] [exthost1] [info] ExtensionService#loadCommonJSModule c:\Users\Alec\.codemix\engine\resources\app\extensions\search-rg\out\extension
[2019-01-17 10:56:43.535] [exthost1] [info] ExtensionService#_doActivateExtension christian-kohler.path-intellisense {"startup":true,"activationEvent":"*"}
[2019-01-17 10:56:43.535] [exthost1] [info] ExtensionService#loadCommonJSModule C:\Users\Alec\.codemix\extensions\christian-kohler.path-intellisense-1.4.2\out\src\extension
[2019-01-17 10:56:43.559] [exthost1] [info] ExtensionService#_doActivateExtension dbaeumer.vscode-eslint {"startup":true,"activationEvent":"*"}
[2019-01-17 10:56:43.559] [exthost1] [info] ExtensionService#loadCommonJSModule C:\Users\Alec\.codemix\extensions\dbaeumer.vscode-eslint-1.4.10\client\out\extension
[2019-01-17 10:56:43.707] [exthost1] [info] ExtensionService#_doActivateExtension formulahendry.auto-close-tag {"startup":true,"activationEvent":"*"}
[2019-01-17 10:56:43.707] [exthost1] [info] ExtensionService#loadCommonJSModule C:\Users\Alec\.codemix\extensions\formulahendry.auto-close-tag-0.5.6\out\src\extension
[2019-01-17 10:56:43.710] [exthost1] [info] ExtensionService#_doActivateExtension HookyQR.beautify {"startup":true,"activationEvent":"*"}
[2019-01-17 10:56:43.710] [exthost1] [info] ExtensionService#loadCommonJSModule C:\Users\Alec\.codemix\extensions\hookyqr.beautify-1.3.0\extension
[2019-01-17 10:56:43.811] [exthost1] [info] eager extensions activated
[2019-01-17 10:56:43.811] [exthost1] [info] ExtensionService#_doActivateExtension vscode.grunt {"startup":false,"activationEvent":"onCommand:workbench.action.tasks.runTask"}
[2019-01-17 10:56:43.811] [exthost1] [info] ExtensionService#loadCommonJSModule c:\Users\Alec\.codemix\engine\resources\app\extensions\grunt\out\main
[2019-01-17 10:56:43.819] [exthost1] [info] ExtensionService#_doActivateExtension vscode.gulp {"startup":false,"activationEvent":"onCommand:workbench.action.tasks.runTask"}
[2019-01-17 10:56:43.819] [exthost1] [info] ExtensionService#loadCommonJSModule c:\Users\Alec\.codemix\engine\resources\app\extensions\gulp\out\main
[2019-01-17 10:56:43.828] [exthost1] [info] ExtensionService#_doActivateExtension vscode.jake {"startup":false,"activationEvent":"onCommand:workbench.action.tasks.runTask"}
[2019-01-17 10:56:43.828] [exthost1] [info] ExtensionService#loadCommonJSModule c:\Users\Alec\.codemix\engine\resources\app\extensions\jake\out\main
[2019-01-17 10:56:43.838] [exthost1] [info] ExtensionService#_doActivateExtension vscode.npm {"startup":false,"activationEvent":"onCommand:workbench.action.tasks.runTask"}
[2019-01-17 10:56:43.838] [exthost1] [info] ExtensionService#loadCommonJSModule c:\Users\Alec\.codemix\engine\resources\app\extensions\npm\out\main
[2019-01-17 10:56:43.930] [exthost1] [info] ExtensionService#_doActivateExtension vscode.typescript-language-features {"startup":false,"activationEvent":"onCommand:workbench.action.tasks.runTask"}
[2019-01-17 10:56:43.930] [exthost1] [info] ExtensionService#loadCommonJSModule c:\Users\Alec\.codemix\engine\resources\app\extensions\typescript-language-features\dist\extension
[2019-01-17 10:56:44.117] [exthost1] [info] ExtensionService#_doActivateExtension vscode.configuration-editing {"startup":false,"activationEvent":"onLanguage:jsonc"}
[2019-01-17 10:56:44.117] [exthost1] [info] ExtensionService#loadCommonJSModule c:\Users\Alec\.codemix\engine\resources\app\extensions\configuration-editing\out\extension
[2019-01-17 10:56:44.142] [exthost1] [info] ExtensionService#_doActivateExtension vscode.json-language-features {"startup":false,"activationEvent":"onLanguage:jsonc"}
[2019-01-17 10:56:44.142] [exthost1] [info] ExtensionService#loadCommonJSModule c:\Users\Alec\.codemix\engine\resources\app\extensions\json-language-features\client\dist\jsonMain
