[2019-02-07 10:42:03.432] [exthost1] [info] extension host started
[2019-02-07 10:42:03.881] [exthost1] [info] extension host started
[2019-02-07 10:42:03.906] [exthost1] [info] ExtensionService#_doActivateExtension vscode.debug-auto-launch {"startup":true,"activationEvent":"*"}
[2019-02-07 10:42:03.907] [exthost1] [info] ExtensionService#loadCommonJSModule c:\Users\Alec\.codemix\engine\resources\app\extensions\debug-auto-launch\out\extension
[2019-02-07 10:42:03.914] [exthost1] [info] ExtensionService#_doActivateExtension vscode.emmet {"startup":true,"activationEvent":"*"}
[2019-02-07 10:42:03.914] [exthost1] [info] ExtensionService#loadCommonJSModule c:\Users\Alec\.codemix\engine\resources\app\extensions\emmet\dist\extension
[2019-02-07 10:42:03.947] [exthost1] [info] ExtensionService#_doActivateExtension vscode.merge-conflict {"startup":true,"activationEvent":"*"}
[2019-02-07 10:42:03.947] [exthost1] [info] ExtensionService#loadCommonJSModule c:\Users\Alec\.codemix\engine\resources\app\extensions\merge-conflict\out\extension
[2019-02-07 10:42:03.965] [exthost1] [info] ExtensionService#_doActivateExtension vscode.search-rg {"startup":true,"activationEvent":"*"}
[2019-02-07 10:42:03.965] [exthost1] [info] ExtensionService#loadCommonJSModule c:\Users\Alec\.codemix\engine\resources\app\extensions\search-rg\out\extension
[2019-02-07 10:42:03.972] [exthost1] [info] ExtensionService#_doActivateExtension christian-kohler.path-intellisense {"startup":true,"activationEvent":"*"}
[2019-02-07 10:42:03.973] [exthost1] [info] ExtensionService#loadCommonJSModule C:\Users\Alec\.codemix\extensions\christian-kohler.path-intellisense-1.4.2\out\src\extension
[2019-02-07 10:42:03.987] [exthost1] [info] ExtensionService#_doActivateExtension dbaeumer.vscode-eslint {"startup":true,"activationEvent":"*"}
[2019-02-07 10:42:03.987] [exthost1] [info] ExtensionService#loadCommonJSModule C:\Users\Alec\.codemix\extensions\dbaeumer.vscode-eslint-1.4.10\client\out\extension
[2019-02-07 10:42:04.045] [exthost1] [info] ExtensionService#_doActivateExtension formulahendry.auto-close-tag {"startup":true,"activationEvent":"*"}
[2019-02-07 10:42:04.045] [exthost1] [info] ExtensionService#loadCommonJSModule C:\Users\Alec\.codemix\extensions\formulahendry.auto-close-tag-0.5.6\out\src\extension
[2019-02-07 10:42:04.046] [exthost1] [info] ExtensionService#_doActivateExtension HookyQR.beautify {"startup":true,"activationEvent":"*"}
[2019-02-07 10:42:04.046] [exthost1] [info] ExtensionService#loadCommonJSModule C:\Users\Alec\.codemix\extensions\hookyqr.beautify-1.3.0\extension
[2019-02-07 10:42:04.092] [exthost1] [info] eager extensions activated
[2019-02-07 10:42:04.092] [exthost1] [info] ExtensionService#_doActivateExtension vscode.grunt {"startup":false,"activationEvent":"onCommand:workbench.action.tasks.runTask"}
[2019-02-07 10:42:04.092] [exthost1] [info] ExtensionService#loadCommonJSModule c:\Users\Alec\.codemix\engine\resources\app\extensions\grunt\out\main
[2019-02-07 10:42:04.098] [exthost1] [info] ExtensionService#_doActivateExtension vscode.gulp {"startup":false,"activationEvent":"onCommand:workbench.action.tasks.runTask"}
[2019-02-07 10:42:04.098] [exthost1] [info] ExtensionService#loadCommonJSModule c:\Users\Alec\.codemix\engine\resources\app\extensions\gulp\out\main
[2019-02-07 10:42:04.103] [exthost1] [info] ExtensionService#_doActivateExtension vscode.jake {"startup":false,"activationEvent":"onCommand:workbench.action.tasks.runTask"}
[2019-02-07 10:42:04.103] [exthost1] [info] ExtensionService#loadCommonJSModule c:\Users\Alec\.codemix\engine\resources\app\extensions\jake\out\main
[2019-02-07 10:42:04.108] [exthost1] [info] ExtensionService#_doActivateExtension vscode.npm {"startup":false,"activationEvent":"onCommand:workbench.action.tasks.runTask"}
[2019-02-07 10:42:04.108] [exthost1] [info] ExtensionService#loadCommonJSModule c:\Users\Alec\.codemix\engine\resources\app\extensions\npm\out\main
[2019-02-07 10:42:04.164] [exthost1] [info] ExtensionService#_doActivateExtension vscode.typescript-language-features {"startup":false,"activationEvent":"onCommand:workbench.action.tasks.runTask"}
[2019-02-07 10:42:04.164] [exthost1] [info] ExtensionService#loadCommonJSModule c:\Users\Alec\.codemix\engine\resources\app\extensions\typescript-language-features\dist\extension
[2019-02-07 10:42:04.292] [exthost1] [info] ExtensionService#_doActivateExtension vscode.configuration-editing {"startup":false,"activationEvent":"onLanguage:jsonc"}
[2019-02-07 10:42:04.292] [exthost1] [info] ExtensionService#loadCommonJSModule c:\Users\Alec\.codemix\engine\resources\app\extensions\configuration-editing\out\extension
[2019-02-07 10:42:04.306] [exthost1] [info] ExtensionService#_doActivateExtension vscode.json-language-features {"startup":false,"activationEvent":"onLanguage:jsonc"}
[2019-02-07 10:42:04.306] [exthost1] [info] ExtensionService#loadCommonJSModule c:\Users\Alec\.codemix\engine\resources\app\extensions\json-language-features\client\dist\jsonMain
[2019-02-07 10:47:32.470] [exthost1] [info] extension host started
[2019-02-07 10:47:32.494] [exthost1] [info] ExtensionService#_doActivateExtension vscode.debug-auto-launch {"startup":true,"activationEvent":"*"}
[2019-02-07 10:47:32.494] [exthost1] [info] ExtensionService#loadCommonJSModule c:\Users\Alec\.codemix\engine\resources\app\extensions\debug-auto-launch\out\extension
[2019-02-07 10:47:32.502] [exthost1] [info] ExtensionService#_doActivateExtension vscode.emmet {"startup":true,"activationEvent":"*"}
[2019-02-07 10:47:32.502] [exthost1] [info] ExtensionService#loadCommonJSModule c:\Users\Alec\.codemix\engine\resources\app\extensions\emmet\dist\extension
[2019-02-07 10:47:32.549] [exthost1] [info] ExtensionService#_doActivateExtension vscode.merge-conflict {"startup":true,"activationEvent":"*"}
[2019-02-07 10:47:32.549] [exthost1] [info] ExtensionService#loadCommonJSModule c:\Users\Alec\.codemix\engine\resources\app\extensions\merge-conflict\out\extension
[2019-02-07 10:47:32.566] [exthost1] [info] ExtensionService#_doActivateExtension vscode.search-rg {"startup":true,"activationEvent":"*"}
[2019-02-07 10:47:32.566] [exthost1] [info] ExtensionService#loadCommonJSModule c:\Users\Alec\.codemix\engine\resources\app\extensions\search-rg\out\extension
[2019-02-07 10:47:32.574] [exthost1] [info] ExtensionService#_doActivateExtension christian-kohler.path-intellisense {"startup":true,"activationEvent":"*"}
[2019-02-07 10:47:32.574] [exthost1] [info] ExtensionService#loadCommonJSModule C:\Users\Alec\.codemix\extensions\christian-kohler.path-intellisense-1.4.2\out\src\extension
[2019-02-07 10:47:32.588] [exthost1] [info] ExtensionService#_doActivateExtension dbaeumer.vscode-eslint {"startup":true,"activationEvent":"*"}
[2019-02-07 10:47:32.588] [exthost1] [info] ExtensionService#loadCommonJSModule C:\Users\Alec\.codemix\extensions\dbaeumer.vscode-eslint-1.4.10\client\out\extension
[2019-02-07 10:47:32.652] [exthost1] [info] ExtensionService#_doActivateExtension formulahendry.auto-close-tag {"startup":true,"activationEvent":"*"}
[2019-02-07 10:47:32.652] [exthost1] [info] ExtensionService#loadCommonJSModule C:\Users\Alec\.codemix\extensions\formulahendry.auto-close-tag-0.5.6\out\src\extension
[2019-02-07 10:47:32.654] [exthost1] [info] ExtensionService#_doActivateExtension HookyQR.beautify {"startup":true,"activationEvent":"*"}
[2019-02-07 10:47:32.654] [exthost1] [info] ExtensionService#loadCommonJSModule C:\Users\Alec\.codemix\extensions\hookyqr.beautify-1.3.0\extension
[2019-02-07 10:47:32.705] [exthost1] [info] eager extensions activated
[2019-02-07 10:47:32.707] [exthost1] [info] ExtensionService#_doActivateExtension vscode.grunt {"startup":false,"activationEvent":"onCommand:workbench.action.tasks.runTask"}
[2019-02-07 10:47:32.707] [exthost1] [info] ExtensionService#loadCommonJSModule c:\Users\Alec\.codemix\engine\resources\app\extensions\grunt\out\main
[2019-02-07 10:47:32.713] [exthost1] [info] ExtensionService#_doActivateExtension vscode.gulp {"startup":false,"activationEvent":"onCommand:workbench.action.tasks.runTask"}
[2019-02-07 10:47:32.713] [exthost1] [info] ExtensionService#loadCommonJSModule c:\Users\Alec\.codemix\engine\resources\app\extensions\gulp\out\main
[2019-02-07 10:47:32.719] [exthost1] [info] ExtensionService#_doActivateExtension vscode.jake {"startup":false,"activationEvent":"onCommand:workbench.action.tasks.runTask"}
[2019-02-07 10:47:32.719] [exthost1] [info] ExtensionService#loadCommonJSModule c:\Users\Alec\.codemix\engine\resources\app\extensions\jake\out\main
[2019-02-07 10:47:32.724] [exthost1] [info] ExtensionService#_doActivateExtension vscode.npm {"startup":false,"activationEvent":"onCommand:workbench.action.tasks.runTask"}
[2019-02-07 10:47:32.724] [exthost1] [info] ExtensionService#loadCommonJSModule c:\Users\Alec\.codemix\engine\resources\app\extensions\npm\out\main
[2019-02-07 10:47:32.784] [exthost1] [info] ExtensionService#_doActivateExtension vscode.typescript-language-features {"startup":false,"activationEvent":"onCommand:workbench.action.tasks.runTask"}
[2019-02-07 10:47:32.784] [exthost1] [info] ExtensionService#loadCommonJSModule c:\Users\Alec\.codemix\engine\resources\app\extensions\typescript-language-features\dist\extension
[2019-02-07 10:47:32.907] [exthost1] [info] ExtensionService#_doActivateExtension vscode.configuration-editing {"startup":false,"activationEvent":"onLanguage:jsonc"}
[2019-02-07 10:47:32.907] [exthost1] [info] ExtensionService#loadCommonJSModule c:\Users\Alec\.codemix\engine\resources\app\extensions\configuration-editing\out\extension
[2019-02-07 10:47:32.920] [exthost1] [info] ExtensionService#_doActivateExtension vscode.json-language-features {"startup":false,"activationEvent":"onLanguage:jsonc"}
[2019-02-07 10:47:32.920] [exthost1] [info] ExtensionService#loadCommonJSModule c:\Users\Alec\.codemix\engine\resources\app\extensions\json-language-features\client\dist\jsonMain
[2019-02-07 10:47:33.063] [exthost1] [info] ExtensionService#_doActivateExtension vscode.html-language-features {"startup":false,"activationEvent":"onLanguage:html"}
[2019-02-07 10:47:33.063] [exthost1] [info] ExtensionService#loadCommonJSModule c:\Users\Alec\.codemix\engine\resources\app\extensions\html-language-features\client\dist\htmlMain
[2019-02-07 10:47:33.867] [exthost1] [info] ExtensionService#_doActivateExtension Angular.ng-template {"startup":false,"activationEvent":"onLanguage:html"}
[2019-02-07 10:47:33.867] [exthost1] [info] ExtensionService#loadCommonJSModule C:\Users\Alec\.codemix\extensions\angular.ng-template-0.1.9\out\extension
[2019-02-07 10:47:34.220] [exthost1] [info] ExtensionService#_doActivateExtension mkaufman.HTMLHint {"startup":false,"activationEvent":"onLanguage:html"}
[2019-02-07 10:47:34.220] [exthost1] [info] ExtensionService#loadCommonJSModule C:\Users\Alec\.codemix\extensions\mkaufman.htmlhint-0.5.0\out\extension
