[2019-02-07 10:42:03.075] [sharedprocess] [info] main {"machineId":"1f74533efea483bc510d8ab55947e3acd530d18a68b5d63e5619dc1a38348535"}
[2019-02-07 10:42:03.142] [sharedprocess] [info] Scanned user extensions: 19
[2019-02-07 10:42:03.224] [sharedprocess] [info] Scanned system extensions: 72
[2019-02-07 10:42:03.403] [sharedprocess] [info] Scanned user extensions: 19
[2019-02-07 10:42:03.408] [sharedprocess] [info] Scanned user extensions: 19
[2019-02-07 10:42:03.418] [sharedprocess] [info] Scanned user extensions: 19
[2019-02-07 10:42:03.504] [sharedprocess] [info] Scanned user extensions: 19
[2019-02-07 10:42:03.556] [sharedprocess] [info] Scanned system extensions: 72
[2019-02-07 10:42:03.566] [sharedprocess] [info] Scanned system extensions: 72
[2019-02-07 10:42:03.587] [sharedprocess] [info] Scanned system extensions: 72
[2019-02-07 10:42:05.546] [sharedprocess] [info] Scanned user extensions: 19
[2019-02-07 10:42:43.082] [sharedprocess] [info] Starting to clean up unused language packs.
[2019-02-07 10:47:05.587] [sharedprocess] [info] Scanned user extensions: 19
[2019-02-07 10:52:05.606] [sharedprocess] [info] Scanned user extensions: 19
[2019-02-07 10:57:05.624] [sharedprocess] [info] Scanned user extensions: 19
[2019-02-07 11:02:05.643] [sharedprocess] [info] Scanned user extensions: 19
[2019-02-07 11:07:05.661] [sharedprocess] [info] Scanned user extensions: 19
[2019-02-07 11:12:05.679] [sharedprocess] [info] Scanned user extensions: 19
[2019-02-07 11:17:05.696] [sharedprocess] [info] Scanned user extensions: 19
[2019-02-07 11:22:05.717] [sharedprocess] [info] Scanned user extensions: 19
[2019-02-07 11:27:05.736] [sharedprocess] [info] Scanned user extensions: 19
[2019-02-07 11:32:05.754] [sharedprocess] [info] Scanned user extensions: 19
[2019-02-07 11:37:05.771] [sharedprocess] [info] Scanned user extensions: 19
[2019-02-07 11:42:05.790] [sharedprocess] [info] Scanned user extensions: 19
[2019-02-07 11:47:05.807] [sharedprocess] [info] Scanned user extensions: 19
[2019-02-07 11:52:05.826] [sharedprocess] [info] Scanned user extensions: 19
[2019-02-07 11:57:05.844] [sharedprocess] [info] Scanned user extensions: 19
[2019-02-07 12:02:05.860] [sharedprocess] [info] Scanned user extensions: 19
[2019-02-07 12:07:05.881] [sharedprocess] [info] Scanned user extensions: 19
[2019-02-07 12:12:05.897] [sharedprocess] [info] Scanned user extensions: 19
[2019-02-07 12:17:05.912] [sharedprocess] [info] Scanned user extensions: 19
[2019-02-07 12:22:05.929] [sharedprocess] [info] Scanned user extensions: 19
[2019-02-07 12:27:05.944] [sharedprocess] [info] Scanned user extensions: 19
[2019-02-07 12:32:05.960] [sharedprocess] [info] Scanned user extensions: 19
[2019-02-07 12:37:05.977] [sharedprocess] [info] Scanned user extensions: 19
[2019-02-07 12:42:05.996] [sharedprocess] [info] Scanned user extensions: 19
[2019-02-07 12:47:06.014] [sharedprocess] [info] Scanned user extensions: 19
[2019-02-07 12:52:06.032] [sharedprocess] [info] Scanned user extensions: 19
[2019-02-07 12:57:06.048] [sharedprocess] [info] Scanned user extensions: 19
[2019-02-07 13:02:06.065] [sharedprocess] [info] Scanned user extensions: 19
[2019-02-07 13:07:06.081] [sharedprocess] [info] Scanned user extensions: 19
[2019-02-07 13:12:06.096] [sharedprocess] [info] Scanned user extensions: 19
[2019-02-07 13:17:06.111] [sharedprocess] [info] Scanned user extensions: 19
[2019-02-07 13:22:06.129] [sharedprocess] [info] Scanned user extensions: 19
[2019-02-07 13:27:06.146] [sharedprocess] [info] Scanned user extensions: 19
[2019-02-07 13:32:06.163] [sharedprocess] [info] Scanned user extensions: 19
[2019-02-07 13:37:06.181] [sharedprocess] [info] Scanned user extensions: 19
[2019-02-07 13:42:06.202] [sharedprocess] [info] Scanned user extensions: 19
[2019-02-07 13:47:06.220] [sharedprocess] [info] Scanned user extensions: 19
[2019-02-07 13:52:06.239] [sharedprocess] [info] Scanned user extensions: 19
[2019-02-07 13:57:06.257] [sharedprocess] [info] Scanned user extensions: 19
[2019-02-07 14:02:06.272] [sharedprocess] [info] Scanned user extensions: 19
[2019-02-07 14:07:06.287] [sharedprocess] [info] Scanned user extensions: 19
[2019-02-07 14:12:06.303] [sharedprocess] [info] Scanned user extensions: 19
[2019-02-07 14:17:06.320] [sharedprocess] [info] Scanned user extensions: 19
[2019-02-07 14:22:06.338] [sharedprocess] [info] Scanned user extensions: 19
[2019-02-07 14:27:06.355] [sharedprocess] [info] Scanned user extensions: 19
[2019-02-07 14:32:06.368] [sharedprocess] [info] Scanned user extensions: 19
[2019-02-07 14:37:06.384] [sharedprocess] [info] Scanned user extensions: 19
[2019-02-07 14:42:06.400] [sharedprocess] [info] Scanned user extensions: 19
[2019-02-07 14:47:06.416] [sharedprocess] [info] Scanned user extensions: 19
[2019-02-07 14:52:06.431] [sharedprocess] [info] Scanned user extensions: 19
[2019-02-07 14:57:06.449] [sharedprocess] [info] Scanned user extensions: 19
[2019-02-07 15:02:06.466] [sharedprocess] [info] Scanned user extensions: 19
[2019-02-07 15:07:06.484] [sharedprocess] [info] Scanned user extensions: 19
[2019-02-07 15:12:06.499] [sharedprocess] [info] Scanned user extensions: 19
[2019-02-07 15:17:06.514] [sharedprocess] [info] Scanned user extensions: 19
[2019-02-07 15:22:06.529] [sharedprocess] [info] Scanned user extensions: 19
[2019-02-07 15:27:06.544] [sharedprocess] [info] Scanned user extensions: 19
[2019-02-07 15:32:06.571] [sharedprocess] [info] Scanned user extensions: 19
[2019-02-07 15:37:06.590] [sharedprocess] [info] Scanned user extensions: 19
[2019-02-07 15:42:06.607] [sharedprocess] [info] Scanned user extensions: 19
[2019-02-07 15:47:06.625] [sharedprocess] [info] Scanned user extensions: 19
[2019-02-07 15:52:06.641] [sharedprocess] [info] Scanned user extensions: 19
[2019-02-07 15:57:06.658] [sharedprocess] [info] Scanned user extensions: 19
[2019-02-07 16:02:06.677] [sharedprocess] [info] Scanned user extensions: 19
[2019-02-07 16:07:06.695] [sharedprocess] [info] Scanned user extensions: 19
[2019-02-07 16:12:06.708] [sharedprocess] [info] Scanned user extensions: 19
[2019-02-07 16:17:06.724] [sharedprocess] [info] Scanned user extensions: 19
[2019-02-07 16:22:06.742] [sharedprocess] [info] Scanned user extensions: 19
[2019-02-07 16:27:06.784] [sharedprocess] [info] Scanned user extensions: 19
[2019-02-07 16:32:06.800] [sharedprocess] [info] Scanned user extensions: 19
[2019-02-07 16:37:06.818] [sharedprocess] [info] Scanned user extensions: 19
[2019-02-07 16:42:06.834] [sharedprocess] [info] Scanned user extensions: 19
[2019-02-07 16:47:06.852] [sharedprocess] [info] Scanned user extensions: 19
[2019-02-07 16:52:06.867] [sharedprocess] [info] Scanned user extensions: 19
[2019-02-07 16:57:06.884] [sharedprocess] [info] Scanned user extensions: 19
[2019-02-07 20:59:20.569] [sharedprocess] [info] Scanned user extensions: 19
[2019-02-07 21:04:20.594] [sharedprocess] [info] Scanned user extensions: 19
[2019-02-07 21:09:20.608] [sharedprocess] [info] Scanned user extensions: 19
[2019-02-07 21:14:20.625] [sharedprocess] [info] Scanned user extensions: 19
[2019-02-07 21:19:20.640] [sharedprocess] [info] Scanned user extensions: 19
[2019-02-07 21:24:20.657] [sharedprocess] [info] Scanned user extensions: 19
[2019-02-07 21:29:20.672] [sharedprocess] [info] Scanned user extensions: 19
[2019-02-07 21:34:20.688] [sharedprocess] [info] Scanned user extensions: 19
[2019-02-07 21:39:20.704] [sharedprocess] [info] Scanned user extensions: 19
[2019-02-07 21:44:20.724] [sharedprocess] [info] Scanned user extensions: 19
[2019-02-07 21:49:20.742] [sharedprocess] [info] Scanned user extensions: 19
[2019-02-07 21:54:20.764] [sharedprocess] [info] Scanned user extensions: 19
[2019-02-07 21:59:20.848] [sharedprocess] [info] Scanned user extensions: 19
[2019-02-07 22:04:20.873] [sharedprocess] [info] Scanned user extensions: 19
[2019-02-07 22:09:20.888] [sharedprocess] [info] Scanned user extensions: 19
[2019-02-07 22:14:20.910] [sharedprocess] [info] Scanned user extensions: 19
[2019-02-07 22:19:20.929] [sharedprocess] [info] Scanned user extensions: 19
[2019-02-07 22:24:20.951] [sharedprocess] [info] Scanned user extensions: 19
[2019-02-07 22:29:20.972] [sharedprocess] [info] Scanned user extensions: 19
[2019-02-07 22:34:20.994] [sharedprocess] [info] Scanned user extensions: 19
[2019-02-07 22:39:21.015] [sharedprocess] [info] Scanned user extensions: 19
[2019-02-07 22:44:21.034] [sharedprocess] [info] Scanned user extensions: 19
[2019-02-07 22:49:21.051] [sharedprocess] [info] Scanned user extensions: 19
[2019-02-07 22:54:21.070] [sharedprocess] [info] Scanned user extensions: 19
[2019-02-07 22:59:21.091] [sharedprocess] [info] Scanned user extensions: 19
[2019-02-07 23:04:21.111] [sharedprocess] [info] Scanned user extensions: 19
[2019-02-07 23:09:21.129] [sharedprocess] [info] Scanned user extensions: 19
[2019-02-07 23:14:21.149] [sharedprocess] [info] Scanned user extensions: 19
[2019-02-07 23:19:21.169] [sharedprocess] [info] Scanned user extensions: 19
[2019-02-07 23:24:21.188] [sharedprocess] [info] Scanned user extensions: 19
[2019-02-07 23:29:21.206] [sharedprocess] [info] Scanned user extensions: 19
[2019-02-07 23:34:21.224] [sharedprocess] [info] Scanned user extensions: 19
[2019-02-07 23:39:21.243] [sharedprocess] [info] Scanned user extensions: 19
[2019-02-07 23:44:21.260] [sharedprocess] [info] Scanned user extensions: 19
[2019-02-07 23:49:21.278] [sharedprocess] [info] Scanned user extensions: 19
[2019-02-07 23:54:21.274] [sharedprocess] [info] Scanned user extensions: 19
[2019-02-07 23:59:21.288] [sharedprocess] [info] Scanned user extensions: 19
[2019-02-08 00:04:21.304] [sharedprocess] [info] Scanned user extensions: 19
[2019-02-08 00:09:21.320] [sharedprocess] [info] Scanned user extensions: 19
[2019-02-08 00:14:21.334] [sharedprocess] [info] Scanned user extensions: 19
[2019-02-08 00:19:21.349] [sharedprocess] [info] Scanned user extensions: 19
[2019-02-08 00:24:21.362] [sharedprocess] [info] Scanned user extensions: 19
[2019-02-08 00:29:21.377] [sharedprocess] [info] Scanned user extensions: 19
[2019-02-08 00:34:21.394] [sharedprocess] [info] Scanned user extensions: 19
[2019-02-08 00:39:21.411] [sharedprocess] [info] Scanned user extensions: 19
[2019-02-08 00:44:21.426] [sharedprocess] [info] Scanned user extensions: 19
[2019-02-08 00:49:21.443] [sharedprocess] [info] Scanned user extensions: 19
[2019-02-08 00:54:21.458] [sharedprocess] [info] Scanned user extensions: 19
[2019-02-08 00:59:21.475] [sharedprocess] [info] Scanned user extensions: 19
[2019-02-08 01:04:21.490] [sharedprocess] [info] Scanned user extensions: 19
[2019-02-08 01:09:21.505] [sharedprocess] [info] Scanned user extensions: 19
[2019-02-08 01:14:21.520] [sharedprocess] [info] Scanned user extensions: 19
[2019-02-08 01:19:21.538] [sharedprocess] [info] Scanned user extensions: 19
[2019-02-08 01:24:21.551] [sharedprocess] [info] Scanned user extensions: 19
[2019-02-08 01:29:21.570] [sharedprocess] [info] Scanned user extensions: 19
[2019-02-08 01:34:21.584] [sharedprocess] [info] Scanned user extensions: 19
[2019-02-08 01:39:21.600] [sharedprocess] [info] Scanned user extensions: 19
[2019-02-08 01:44:21.614] [sharedprocess] [info] Scanned user extensions: 19
[2019-02-08 01:49:21.632] [sharedprocess] [info] Scanned user extensions: 19
[2019-02-08 01:54:21.646] [sharedprocess] [info] Scanned user extensions: 19
[2019-02-08 01:59:21.660] [sharedprocess] [info] Scanned user extensions: 19
[2019-02-08 02:04:21.676] [sharedprocess] [info] Scanned user extensions: 19
[2019-02-08 02:09:21.691] [sharedprocess] [info] Scanned user extensions: 19
[2019-02-08 02:14:21.704] [sharedprocess] [info] Scanned user extensions: 19
[2019-02-08 02:19:21.717] [sharedprocess] [info] Scanned user extensions: 19
[2019-02-08 02:24:21.733] [sharedprocess] [info] Scanned user extensions: 19
[2019-02-08 02:29:21.748] [sharedprocess] [info] Scanned user extensions: 19
[2019-02-08 02:34:21.769] [sharedprocess] [info] Scanned user extensions: 19
[2019-02-08 02:39:21.789] [sharedprocess] [info] Scanned user extensions: 19
[2019-02-08 02:44:21.803] [sharedprocess] [info] Scanned user extensions: 19
[2019-02-08 02:49:21.819] [sharedprocess] [info] Scanned user extensions: 19
[2019-02-08 02:54:21.833] [sharedprocess] [info] Scanned user extensions: 19
[2019-02-08 02:59:21.850] [sharedprocess] [info] Scanned user extensions: 19
[2019-02-08 03:04:21.864] [sharedprocess] [info] Scanned user extensions: 19
[2019-02-08 03:09:21.883] [sharedprocess] [info] Scanned user extensions: 19
[2019-02-08 03:14:21.898] [sharedprocess] [info] Scanned user extensions: 19
[2019-02-08 03:19:21.915] [sharedprocess] [info] Scanned user extensions: 19
[2019-02-08 03:24:21.930] [sharedprocess] [info] Scanned user extensions: 19
[2019-02-08 03:29:21.943] [sharedprocess] [info] Scanned user extensions: 19
[2019-02-08 03:34:21.957] [sharedprocess] [info] Scanned user extensions: 19
[2019-02-08 03:39:21.972] [sharedprocess] [info] Scanned user extensions: 19
[2019-02-08 03:44:21.988] [sharedprocess] [info] Scanned user extensions: 19
[2019-02-08 03:49:22.003] [sharedprocess] [info] Scanned user extensions: 19
[2019-02-08 03:54:22.018] [sharedprocess] [info] Scanned user extensions: 19
[2019-02-08 03:59:22.034] [sharedprocess] [info] Scanned user extensions: 19
[2019-02-08 04:04:22.048] [sharedprocess] [info] Scanned user extensions: 19
[2019-02-08 04:09:22.062] [sharedprocess] [info] Scanned user extensions: 19
[2019-02-08 04:14:22.075] [sharedprocess] [info] Scanned user extensions: 19
[2019-02-08 04:19:22.089] [sharedprocess] [info] Scanned user extensions: 19
[2019-02-08 04:24:22.101] [sharedprocess] [info] Scanned user extensions: 19
[2019-02-08 04:29:22.115] [sharedprocess] [info] Scanned user extensions: 19
[2019-02-08 04:34:22.127] [sharedprocess] [info] Scanned user extensions: 19
[2019-02-08 04:39:22.143] [sharedprocess] [info] Scanned user extensions: 19
[2019-02-08 04:44:22.156] [sharedprocess] [info] Scanned user extensions: 19
[2019-02-08 04:49:22.169] [sharedprocess] [info] Scanned user extensions: 19
[2019-02-08 04:54:22.184] [sharedprocess] [info] Scanned user extensions: 19
[2019-02-08 04:59:22.199] [sharedprocess] [info] Scanned user extensions: 19
[2019-02-08 05:04:22.212] [sharedprocess] [info] Scanned user extensions: 19
[2019-02-08 05:09:22.224] [sharedprocess] [info] Scanned user extensions: 19
[2019-02-08 05:14:22.237] [sharedprocess] [info] Scanned user extensions: 19
[2019-02-08 05:19:22.251] [sharedprocess] [info] Scanned user extensions: 19
[2019-02-08 05:24:22.265] [sharedprocess] [info] Scanned user extensions: 19
[2019-02-08 05:29:22.279] [sharedprocess] [info] Scanned user extensions: 19
[2019-02-08 05:34:22.293] [sharedprocess] [info] Scanned user extensions: 19
[2019-02-08 05:39:22.306] [sharedprocess] [info] Scanned user extensions: 19
[2019-02-08 05:44:22.322] [sharedprocess] [info] Scanned user extensions: 19
[2019-02-08 05:49:22.335] [sharedprocess] [info] Scanned user extensions: 19
[2019-02-08 05:54:22.352] [sharedprocess] [info] Scanned user extensions: 19
[2019-02-08 05:59:22.366] [sharedprocess] [info] Scanned user extensions: 19
[2019-02-08 06:04:22.381] [sharedprocess] [info] Scanned user extensions: 19
[2019-02-08 06:09:22.395] [sharedprocess] [info] Scanned user extensions: 19
[2019-02-08 06:14:22.411] [sharedprocess] [info] Scanned user extensions: 19
[2019-02-08 06:19:22.423] [sharedprocess] [info] Scanned user extensions: 19
[2019-02-08 06:24:22.438] [sharedprocess] [info] Scanned user extensions: 19
[2019-02-08 06:29:22.478] [sharedprocess] [info] Scanned user extensions: 19
[2019-02-08 06:34:22.493] [sharedprocess] [info] Scanned user extensions: 19
[2019-02-08 06:39:22.506] [sharedprocess] [info] Scanned user extensions: 19
[2019-02-08 06:44:22.521] [sharedprocess] [info] Scanned user extensions: 19
[2019-02-08 06:49:22.534] [sharedprocess] [info] Scanned user extensions: 19
[2019-02-08 06:54:22.549] [sharedprocess] [info] Scanned user extensions: 19
[2019-02-08 06:59:22.564] [sharedprocess] [info] Scanned user extensions: 19
[2019-02-08 07:04:22.579] [sharedprocess] [info] Scanned user extensions: 19
[2019-02-08 07:09:22.591] [sharedprocess] [info] Scanned user extensions: 19
[2019-02-08 07:14:22.606] [sharedprocess] [info] Scanned user extensions: 19
[2019-02-08 07:19:22.619] [sharedprocess] [info] Scanned user extensions: 19
[2019-02-08 07:24:22.632] [sharedprocess] [info] Scanned user extensions: 19
[2019-02-08 07:29:22.645] [sharedprocess] [info] Scanned user extensions: 19
[2019-02-08 07:34:22.658] [sharedprocess] [info] Scanned user extensions: 19
[2019-02-08 07:39:22.671] [sharedprocess] [info] Scanned user extensions: 19
[2019-02-08 07:44:22.685] [sharedprocess] [info] Scanned user extensions: 19
[2019-02-08 07:49:22.700] [sharedprocess] [info] Scanned user extensions: 19
[2019-02-08 07:54:22.714] [sharedprocess] [info] Scanned user extensions: 19
[2019-02-08 07:59:22.729] [sharedprocess] [info] Scanned user extensions: 19
[2019-02-08 08:04:22.742] [sharedprocess] [info] Scanned user extensions: 19
[2019-02-08 08:09:22.756] [sharedprocess] [info] Scanned user extensions: 19
[2019-02-08 08:14:22.772] [sharedprocess] [info] Scanned user extensions: 19
[2019-02-08 08:19:22.785] [sharedprocess] [info] Scanned user extensions: 19
[2019-02-08 09:17:40.780] [sharedprocess] [info] Scanned user extensions: 19
[2019-02-08 09:22:40.794] [sharedprocess] [info] Scanned user extensions: 19
[2019-02-08 09:27:40.809] [sharedprocess] [info] Scanned user extensions: 19
[2019-02-08 09:32:40.826] [sharedprocess] [info] Scanned user extensions: 19
[2019-02-08 09:37:40.839] [sharedprocess] [info] Scanned user extensions: 19
[2019-02-08 09:42:40.852] [sharedprocess] [info] Scanned user extensions: 19
[2019-02-08 09:47:40.870] [sharedprocess] [info] Scanned user extensions: 19
[2019-02-08 09:52:40.885] [sharedprocess] [info] Scanned user extensions: 19
[2019-02-08 09:57:40.900] [sharedprocess] [info] Scanned user extensions: 19
[2019-02-08 10:02:40.915] [sharedprocess] [info] Scanned user extensions: 19
[2019-02-08 10:07:40.929] [sharedprocess] [info] Scanned user extensions: 19
[2019-02-08 10:12:40.944] [sharedprocess] [info] Scanned user extensions: 19
[2019-02-08 10:17:40.959] [sharedprocess] [info] Scanned user extensions: 19
[2019-02-08 10:22:40.975] [sharedprocess] [info] Scanned user extensions: 19
[2019-02-08 10:27:40.989] [sharedprocess] [info] Scanned user extensions: 19
[2019-02-08 10:32:41.006] [sharedprocess] [info] Scanned user extensions: 19
[2019-02-08 10:37:41.019] [sharedprocess] [info] Scanned user extensions: 19
[2019-02-08 10:42:41.043] [sharedprocess] [info] Scanned user extensions: 19
[2019-02-08 11:03:34.374] [sharedprocess] [info] Scanned user extensions: 19
[2019-02-08 11:08:34.397] [sharedprocess] [info] Scanned user extensions: 19
[2019-02-08 11:13:34.415] [sharedprocess] [info] Scanned user extensions: 19
[2019-02-08 11:18:34.432] [sharedprocess] [info] Scanned user extensions: 19
[2019-02-08 11:23:34.447] [sharedprocess] [info] Scanned user extensions: 19
[2019-02-08 11:28:34.461] [sharedprocess] [info] Scanned user extensions: 19
[2019-02-08 11:33:34.476] [sharedprocess] [info] Scanned user extensions: 19
[2019-02-08 11:38:34.490] [sharedprocess] [info] Scanned user extensions: 19
[2019-02-08 11:43:34.504] [sharedprocess] [info] Scanned user extensions: 19
[2019-02-08 11:48:34.519] [sharedprocess] [info] Scanned user extensions: 19
[2019-02-08 11:53:34.533] [sharedprocess] [info] Scanned user extensions: 19
[2019-02-08 11:58:34.547] [sharedprocess] [info] Scanned user extensions: 19
[2019-02-08 12:03:34.563] [sharedprocess] [info] Scanned user extensions: 19
[2019-02-08 12:08:34.578] [sharedprocess] [info] Scanned user extensions: 19
[2019-02-08 12:13:34.592] [sharedprocess] [info] Scanned user extensions: 19
[2019-02-08 12:18:34.609] [sharedprocess] [info] Scanned user extensions: 19
[2019-02-08 12:23:34.624] [sharedprocess] [info] Scanned user extensions: 19
[2019-02-08 12:28:34.637] [sharedprocess] [info] Scanned user extensions: 19
[2019-02-08 12:33:34.649] [sharedprocess] [info] Scanned user extensions: 19
[2019-02-08 12:38:34.663] [sharedprocess] [info] Scanned user extensions: 19
[2019-02-08 12:43:34.675] [sharedprocess] [info] Scanned user extensions: 19
[2019-02-08 12:48:34.689] [sharedprocess] [info] Scanned user extensions: 19
[2019-02-08 12:53:34.706] [sharedprocess] [info] Scanned user extensions: 19
[2019-02-08 12:58:34.720] [sharedprocess] [info] Scanned user extensions: 19
[2019-02-08 13:03:34.736] [sharedprocess] [info] Scanned user extensions: 19
[2019-02-08 13:08:34.751] [sharedprocess] [info] Scanned user extensions: 19
[2019-02-08 13:13:34.767] [sharedprocess] [info] Scanned user extensions: 19
[2019-02-08 13:18:34.782] [sharedprocess] [info] Scanned user extensions: 19
[2019-02-08 13:23:34.796] [sharedprocess] [info] Scanned user extensions: 19
[2019-02-08 13:28:34.812] [sharedprocess] [info] Scanned user extensions: 19
[2019-02-08 13:33:34.828] [sharedprocess] [info] Scanned user extensions: 19
[2019-02-08 13:38:34.842] [sharedprocess] [info] Scanned user extensions: 19
[2019-02-08 13:43:34.858] [sharedprocess] [info] Scanned user extensions: 19
[2019-02-08 13:48:34.873] [sharedprocess] [info] Scanned user extensions: 19
[2019-02-08 13:53:34.889] [sharedprocess] [info] Scanned user extensions: 19
[2019-02-08 13:58:34.906] [sharedprocess] [info] Scanned user extensions: 19
[2019-02-08 14:03:34.925] [sharedprocess] [info] Scanned user extensions: 19
[2019-02-08 14:08:34.939] [sharedprocess] [info] Scanned user extensions: 19
[2019-02-08 14:13:34.962] [sharedprocess] [info] Scanned user extensions: 19
[2019-02-08 14:18:34.982] [sharedprocess] [info] Scanned user extensions: 19
[2019-02-08 14:23:34.995] [sharedprocess] [info] Scanned user extensions: 19
[2019-02-08 14:28:35.012] [sharedprocess] [info] Scanned user extensions: 19
[2019-02-08 14:33:35.027] [sharedprocess] [info] Scanned user extensions: 19
[2019-02-08 14:38:35.041] [sharedprocess] [info] Scanned user extensions: 19
[2019-02-08 14:43:35.056] [sharedprocess] [info] Scanned user extensions: 19
[2019-02-09 12:10:40.244] [sharedprocess] [info] Scanned user extensions: 19
[2019-02-09 12:15:40.306] [sharedprocess] [info] Scanned user extensions: 19
[2019-02-09 12:20:40.348] [sharedprocess] [info] Scanned user extensions: 19
[2019-02-09 12:25:40.371] [sharedprocess] [info] Scanned user extensions: 19
[2019-02-09 12:30:40.394] [sharedprocess] [info] Scanned user extensions: 19
[2019-02-09 12:35:40.412] [sharedprocess] [info] Scanned user extensions: 19
[2019-02-09 12:40:40.435] [sharedprocess] [info] Scanned user extensions: 19
[2019-02-09 12:45:40.457] [sharedprocess] [info] Scanned user extensions: 19
[2019-02-09 12:50:40.475] [sharedprocess] [info] Scanned user extensions: 19
[2019-02-09 12:55:40.493] [sharedprocess] [info] Scanned user extensions: 19
[2019-02-09 13:00:40.509] [sharedprocess] [info] Scanned user extensions: 19
[2019-02-09 13:05:40.526] [sharedprocess] [info] Scanned user extensions: 19
[2019-02-09 13:10:40.551] [sharedprocess] [info] Scanned user extensions: 19
[2019-02-09 13:15:40.568] [sharedprocess] [info] Scanned user extensions: 19
[2019-02-09 13:20:40.581] [sharedprocess] [info] Scanned user extensions: 19
[2019-02-09 13:25:40.597] [sharedprocess] [info] Scanned user extensions: 19
[2019-02-09 13:30:40.619] [sharedprocess] [info] Scanned user extensions: 19
[2019-02-09 13:35:40.634] [sharedprocess] [info] Scanned user extensions: 19
[2019-02-09 13:40:40.650] [sharedprocess] [info] Scanned user extensions: 19
[2019-02-09 13:45:40.664] [sharedprocess] [info] Scanned user extensions: 19
[2019-02-09 13:50:40.677] [sharedprocess] [info] Scanned user extensions: 19
[2019-02-09 13:55:40.707] [sharedprocess] [info] Scanned user extensions: 19
[2019-02-09 14:00:40.727] [sharedprocess] [info] Scanned user extensions: 19
[2019-02-09 14:05:40.745] [sharedprocess] [info] Scanned user extensions: 19
[2019-02-09 14:10:40.762] [sharedprocess] [info] Scanned user extensions: 19
[2019-02-09 14:15:40.780] [sharedprocess] [info] Scanned user extensions: 19
[2019-02-09 14:20:40.798] [sharedprocess] [info] Scanned user extensions: 19
[2019-02-09 14:25:40.811] [sharedprocess] [info] Scanned user extensions: 19
[2019-02-09 14:30:40.835] [sharedprocess] [info] Scanned user extensions: 19
[2019-02-09 14:35:40.859] [sharedprocess] [info] Scanned user extensions: 19
[2019-02-09 14:40:40.887] [sharedprocess] [info] Scanned user extensions: 19
[2019-02-09 14:45:40.908] [sharedprocess] [info] Scanned user extensions: 19
[2019-02-09 14:50:40.928] [sharedprocess] [info] Scanned user extensions: 19
[2019-02-09 14:55:40.950] [sharedprocess] [info] Scanned user extensions: 19
[2019-02-09 15:00:40.975] [sharedprocess] [info] Scanned user extensions: 19
[2019-02-09 15:05:40.996] [sharedprocess] [info] Scanned user extensions: 19
[2019-02-09 15:10:41.032] [sharedprocess] [info] Scanned user extensions: 19
[2019-02-09 15:15:41.057] [sharedprocess] [info] Scanned user extensions: 19
[2019-02-09 15:20:41.083] [sharedprocess] [info] Scanned user extensions: 19
[2019-02-09 15:25:41.103] [sharedprocess] [info] Scanned user extensions: 19
[2019-02-09 15:30:41.128] [sharedprocess] [info] Scanned user extensions: 19
[2019-02-09 15:35:41.150] [sharedprocess] [info] Scanned user extensions: 19
[2019-02-09 15:40:41.166] [sharedprocess] [info] Scanned user extensions: 19
[2019-02-09 15:45:41.183] [sharedprocess] [info] Scanned user extensions: 19
[2019-02-09 15:50:41.201] [sharedprocess] [info] Scanned user extensions: 19
[2019-02-09 15:55:41.216] [sharedprocess] [info] Scanned user extensions: 19
[2019-02-09 16:00:41.230] [sharedprocess] [info] Scanned user extensions: 19
[2019-02-09 16:05:41.244] [sharedprocess] [info] Scanned user extensions: 19
[2019-02-09 16:10:41.266] [sharedprocess] [info] Scanned user extensions: 19
[2019-02-09 16:15:41.282] [sharedprocess] [info] Scanned user extensions: 19
[2019-02-09 16:20:41.297] [sharedprocess] [info] Scanned user extensions: 19
[2019-02-09 16:25:41.312] [sharedprocess] [info] Scanned user extensions: 19
[2019-02-09 16:30:43.414] [sharedprocess] [info] Scanned user extensions: 19
[2019-02-09 16:35:43.427] [sharedprocess] [info] Scanned user extensions: 19
[2019-02-09 16:40:43.444] [sharedprocess] [info] Scanned user extensions: 19
[2019-02-09 16:45:43.458] [sharedprocess] [info] Scanned user extensions: 19
[2019-02-09 16:50:43.473] [sharedprocess] [info] Scanned user extensions: 19
[2019-02-09 16:55:43.487] [sharedprocess] [info] Scanned user extensions: 19
[2019-02-09 17:00:43.500] [sharedprocess] [info] Scanned user extensions: 19
[2019-02-09 17:05:43.514] [sharedprocess] [info] Scanned user extensions: 19
[2019-02-09 17:10:43.530] [sharedprocess] [info] Scanned user extensions: 19
[2019-02-09 17:15:43.546] [sharedprocess] [info] Scanned user extensions: 19
[2019-02-09 17:20:43.567] [sharedprocess] [info] Scanned user extensions: 19
[2019-02-09 17:25:43.581] [sharedprocess] [info] Scanned user extensions: 19
[2019-02-09 17:30:43.601] [sharedprocess] [info] Scanned user extensions: 19
[2019-02-09 17:35:43.616] [sharedprocess] [info] Scanned user extensions: 19
[2019-02-09 17:40:43.630] [sharedprocess] [info] Scanned user extensions: 19
[2019-02-09 17:45:43.644] [sharedprocess] [info] Scanned user extensions: 19
[2019-02-09 17:50:43.659] [sharedprocess] [info] Scanned user extensions: 19
[2019-02-09 17:55:43.675] [sharedprocess] [info] Scanned user extensions: 19
[2019-02-09 18:00:43.691] [sharedprocess] [info] Scanned user extensions: 19
[2019-02-09 18:05:43.704] [sharedprocess] [info] Scanned user extensions: 19
[2019-02-09 18:10:43.721] [sharedprocess] [info] Scanned user extensions: 19
[2019-02-09 18:15:43.735] [sharedprocess] [info] Scanned user extensions: 19
[2019-02-09 18:20:43.749] [sharedprocess] [info] Scanned user extensions: 19
[2019-02-09 18:25:43.762] [sharedprocess] [info] Scanned user extensions: 19
[2019-02-09 18:30:43.776] [sharedprocess] [info] Scanned user extensions: 19
[2019-02-09 18:35:43.789] [sharedprocess] [info] Scanned user extensions: 19
[2019-02-09 18:40:43.805] [sharedprocess] [info] Scanned user extensions: 19
[2019-02-09 18:45:43.821] [sharedprocess] [info] Scanned user extensions: 19
[2019-02-09 18:50:43.835] [sharedprocess] [info] Scanned user extensions: 19
[2019-02-09 18:55:43.849] [sharedprocess] [info] Scanned user extensions: 19
[2019-02-09 19:00:43.864] [sharedprocess] [info] Scanned user extensions: 19
[2019-02-09 19:05:43.876] [sharedprocess] [info] Scanned user extensions: 19
[2019-02-09 19:10:43.893] [sharedprocess] [info] Scanned user extensions: 19
[2019-02-09 19:15:43.906] [sharedprocess] [info] Scanned user extensions: 19
[2019-02-09 19:20:43.922] [sharedprocess] [info] Scanned user extensions: 19
[2019-02-09 19:25:43.936] [sharedprocess] [info] Scanned user extensions: 19
[2019-02-09 19:30:43.951] [sharedprocess] [info] Scanned user extensions: 19
[2019-02-09 19:35:43.969] [sharedprocess] [info] Scanned user extensions: 19
[2019-02-09 19:40:43.983] [sharedprocess] [info] Scanned user extensions: 19
[2019-02-09 19:45:43.997] [sharedprocess] [info] Scanned user extensions: 19
[2019-02-09 19:50:44.014] [sharedprocess] [info] Scanned user extensions: 19
[2019-02-09 19:55:44.028] [sharedprocess] [info] Scanned user extensions: 19
[2019-02-09 20:00:44.041] [sharedprocess] [info] Scanned user extensions: 19
[2019-02-09 20:05:44.054] [sharedprocess] [info] Scanned user extensions: 19
[2019-02-09 20:10:44.068] [sharedprocess] [info] Scanned user extensions: 19
[2019-02-09 20:15:44.080] [sharedprocess] [info] Scanned user extensions: 19
[2019-02-09 20:20:44.093] [sharedprocess] [info] Scanned user extensions: 19
[2019-02-09 20:25:44.107] [sharedprocess] [info] Scanned user extensions: 19
[2019-02-09 20:30:44.120] [sharedprocess] [info] Scanned user extensions: 19
[2019-02-09 20:35:44.133] [sharedprocess] [info] Scanned user extensions: 19
[2019-02-09 20:40:44.146] [sharedprocess] [info] Scanned user extensions: 19
[2019-02-09 20:45:44.159] [sharedprocess] [info] Scanned user extensions: 19
[2019-02-09 20:50:44.172] [sharedprocess] [info] Scanned user extensions: 19
[2019-02-09 20:55:44.185] [sharedprocess] [info] Scanned user extensions: 19
[2019-02-09 21:00:44.198] [sharedprocess] [info] Scanned user extensions: 19
[2019-02-09 21:05:44.215] [sharedprocess] [info] Scanned user extensions: 19
[2019-02-09 21:10:44.229] [sharedprocess] [info] Scanned user extensions: 19
[2019-02-09 21:15:44.242] [sharedprocess] [info] Scanned user extensions: 19
[2019-02-09 21:20:44.257] [sharedprocess] [info] Scanned user extensions: 19
[2019-02-09 21:25:44.271] [sharedprocess] [info] Scanned user extensions: 19
[2019-02-09 21:30:44.285] [sharedprocess] [info] Scanned user extensions: 19
[2019-02-09 21:35:44.304] [sharedprocess] [info] Scanned user extensions: 19
[2019-02-09 21:40:44.316] [sharedprocess] [info] Scanned user extensions: 19
[2019-02-09 21:45:44.332] [sharedprocess] [info] Scanned user extensions: 19
[2019-02-09 21:50:44.346] [sharedprocess] [info] Scanned user extensions: 19
[2019-02-09 21:55:44.362] [sharedprocess] [info] Scanned user extensions: 19
[2019-02-09 22:00:44.373] [sharedprocess] [info] Scanned user extensions: 19
[2019-02-09 22:05:44.388] [sharedprocess] [info] Scanned user extensions: 19
[2019-02-09 22:10:44.402] [sharedprocess] [info] Scanned user extensions: 19
[2019-02-09 22:15:44.417] [sharedprocess] [info] Scanned user extensions: 19
[2019-02-09 22:20:44.430] [sharedprocess] [info] Scanned user extensions: 19
[2019-02-09 22:25:44.445] [sharedprocess] [info] Scanned user extensions: 19
[2019-02-09 22:30:44.458] [sharedprocess] [info] Scanned user extensions: 19
[2019-02-09 22:35:44.474] [sharedprocess] [info] Scanned user extensions: 19
[2019-02-09 22:40:44.486] [sharedprocess] [info] Scanned user extensions: 19
[2019-02-09 22:45:44.502] [sharedprocess] [info] Scanned user extensions: 19
[2019-02-09 22:50:44.516] [sharedprocess] [info] Scanned user extensions: 19
[2019-02-09 22:55:44.530] [sharedprocess] [info] Scanned user extensions: 19
[2019-02-09 23:00:44.543] [sharedprocess] [info] Scanned user extensions: 19
[2019-02-09 23:05:44.557] [sharedprocess] [info] Scanned user extensions: 19
[2019-02-09 23:10:44.571] [sharedprocess] [info] Scanned user extensions: 19
[2019-02-09 23:15:44.584] [sharedprocess] [info] Scanned user extensions: 19
[2019-02-09 23:20:44.599] [sharedprocess] [info] Scanned user extensions: 19
[2019-02-09 23:25:44.615] [sharedprocess] [info] Scanned user extensions: 19
[2019-02-09 23:30:44.628] [sharedprocess] [info] Scanned user extensions: 19
[2019-02-09 23:35:44.643] [sharedprocess] [info] Scanned user extensions: 19
[2019-02-09 23:40:44.656] [sharedprocess] [info] Scanned user extensions: 19
[2019-02-09 23:45:44.672] [sharedprocess] [info] Scanned user extensions: 19
[2019-02-09 23:50:44.684] [sharedprocess] [info] Scanned user extensions: 19
[2019-02-09 23:55:44.698] [sharedprocess] [info] Scanned user extensions: 19
[2019-02-10 00:00:44.711] [sharedprocess] [info] Scanned user extensions: 19
[2019-02-10 00:05:44.725] [sharedprocess] [info] Scanned user extensions: 19
[2019-02-10 00:10:44.739] [sharedprocess] [info] Scanned user extensions: 19
[2019-02-10 00:15:44.752] [sharedprocess] [info] Scanned user extensions: 19
[2019-02-10 00:20:44.769] [sharedprocess] [info] Scanned user extensions: 19
[2019-02-10 00:25:44.783] [sharedprocess] [info] Scanned user extensions: 19
[2019-02-10 00:30:44.797] [sharedprocess] [info] Scanned user extensions: 19
[2019-02-10 00:35:44.811] [sharedprocess] [info] Scanned user extensions: 19
[2019-02-10 00:40:44.823] [sharedprocess] [info] Scanned user extensions: 19
[2019-02-10 00:45:44.837] [sharedprocess] [info] Scanned user extensions: 19
[2019-02-10 00:50:44.848] [sharedprocess] [info] Scanned user extensions: 19
[2019-02-10 00:55:44.860] [sharedprocess] [info] Scanned user extensions: 19
[2019-02-10 01:00:44.872] [sharedprocess] [info] Scanned user extensions: 19
[2019-02-10 01:05:44.887] [sharedprocess] [info] Scanned user extensions: 19
[2019-02-10 01:10:44.902] [sharedprocess] [info] Scanned user extensions: 19
[2019-02-10 01:15:44.917] [sharedprocess] [info] Scanned user extensions: 19
[2019-02-10 01:20:44.930] [sharedprocess] [info] Scanned user extensions: 19
[2019-02-10 01:25:44.943] [sharedprocess] [info] Scanned user extensions: 19
[2019-02-10 01:30:44.956] [sharedprocess] [info] Scanned user extensions: 19
[2019-02-10 01:35:44.971] [sharedprocess] [info] Scanned user extensions: 19
[2019-02-10 01:40:44.987] [sharedprocess] [info] Scanned user extensions: 19
[2019-02-10 01:45:45.000] [sharedprocess] [info] Scanned user extensions: 19
[2019-02-10 01:50:45.013] [sharedprocess] [info] Scanned user extensions: 19
[2019-02-10 01:55:45.027] [sharedprocess] [info] Scanned user extensions: 19
[2019-02-10 02:00:45.039] [sharedprocess] [info] Scanned user extensions: 19
[2019-02-10 02:05:45.052] [sharedprocess] [info] Scanned user extensions: 19
[2019-02-10 02:10:45.066] [sharedprocess] [info] Scanned user extensions: 19
[2019-02-10 02:15:45.080] [sharedprocess] [info] Scanned user extensions: 19
[2019-02-10 02:20:45.093] [sharedprocess] [info] Scanned user extensions: 19
[2019-02-10 02:25:45.107] [sharedprocess] [info] Scanned user extensions: 19
[2019-02-10 02:30:45.125] [sharedprocess] [info] Scanned user extensions: 19
[2019-02-10 02:35:45.141] [sharedprocess] [info] Scanned user extensions: 19
[2019-02-10 02:40:45.155] [sharedprocess] [info] Scanned user extensions: 19
[2019-02-10 02:45:45.170] [sharedprocess] [info] Scanned user extensions: 19
[2019-02-10 02:50:45.183] [sharedprocess] [info] Scanned user extensions: 19
[2019-02-10 02:55:45.198] [sharedprocess] [info] Scanned user extensions: 19
[2019-02-10 03:00:45.214] [sharedprocess] [info] Scanned user extensions: 19
[2019-02-10 03:05:45.229] [sharedprocess] [info] Scanned user extensions: 19
[2019-02-10 03:10:45.247] [sharedprocess] [info] Scanned user extensions: 19
[2019-02-10 03:15:45.262] [sharedprocess] [info] Scanned user extensions: 19
[2019-02-10 03:20:45.278] [sharedprocess] [info] Scanned user extensions: 19
[2019-02-10 03:25:45.294] [sharedprocess] [info] Scanned user extensions: 19
[2019-02-10 03:30:45.308] [sharedprocess] [info] Scanned user extensions: 19
[2019-02-10 03:35:45.324] [sharedprocess] [info] Scanned user extensions: 19
[2019-02-10 03:40:45.338] [sharedprocess] [info] Scanned user extensions: 19
[2019-02-10 03:45:45.351] [sharedprocess] [info] Scanned user extensions: 19
[2019-02-10 03:50:45.366] [sharedprocess] [info] Scanned user extensions: 19
[2019-02-10 03:55:45.380] [sharedprocess] [info] Scanned user extensions: 19
[2019-02-10 04:00:45.397] [sharedprocess] [info] Scanned user extensions: 19
[2019-02-10 04:05:45.412] [sharedprocess] [info] Scanned user extensions: 19
[2019-02-10 04:10:45.428] [sharedprocess] [info] Scanned user extensions: 19
[2019-02-10 04:15:45.442] [sharedprocess] [info] Scanned user extensions: 19
[2019-02-10 04:20:45.456] [sharedprocess] [info] Scanned user extensions: 19
[2019-02-10 04:25:45.470] [sharedprocess] [info] Scanned user extensions: 19
[2019-02-10 04:30:45.484] [sharedprocess] [info] Scanned user extensions: 19
[2019-02-10 04:35:45.498] [sharedprocess] [info] Scanned user extensions: 19
[2019-02-10 04:40:45.511] [sharedprocess] [info] Scanned user extensions: 19
[2019-02-10 04:45:45.523] [sharedprocess] [info] Scanned user extensions: 19
[2019-02-10 04:50:45.535] [sharedprocess] [info] Scanned user extensions: 19
[2019-02-10 04:55:45.548] [sharedprocess] [info] Scanned user extensions: 19
[2019-02-10 05:00:45.561] [sharedprocess] [info] Scanned user extensions: 19
[2019-02-10 05:05:45.573] [sharedprocess] [info] Scanned user extensions: 19
[2019-02-10 05:10:45.618] [sharedprocess] [info] Scanned user extensions: 19
[2019-02-10 05:15:45.631] [sharedprocess] [info] Scanned user extensions: 19
[2019-02-10 05:20:45.645] [sharedprocess] [info] Scanned user extensions: 19
[2019-02-10 05:25:45.660] [sharedprocess] [info] Scanned user extensions: 19
[2019-02-10 05:30:45.675] [sharedprocess] [info] Scanned user extensions: 19
[2019-02-10 05:35:45.690] [sharedprocess] [info] Scanned user extensions: 19
[2019-02-10 05:40:45.705] [sharedprocess] [info] Scanned user extensions: 19
[2019-02-10 05:45:45.718] [sharedprocess] [info] Scanned user extensions: 19
[2019-02-10 05:50:45.732] [sharedprocess] [info] Scanned user extensions: 19
[2019-02-10 05:55:45.745] [sharedprocess] [info] Scanned user extensions: 19
[2019-02-10 06:00:45.760] [sharedprocess] [info] Scanned user extensions: 19
[2019-02-10 06:05:45.774] [sharedprocess] [info] Scanned user extensions: 19
[2019-02-10 06:10:45.788] [sharedprocess] [info] Scanned user extensions: 19
[2019-02-10 06:15:45.802] [sharedprocess] [info] Scanned user extensions: 19
[2019-02-10 06:20:45.817] [sharedprocess] [info] Scanned user extensions: 19
[2019-02-10 06:25:45.831] [sharedprocess] [info] Scanned user extensions: 19
[2019-02-10 06:30:45.845] [sharedprocess] [info] Scanned user extensions: 19
[2019-02-10 06:35:45.858] [sharedprocess] [info] Scanned user extensions: 19
[2019-02-10 06:40:45.871] [sharedprocess] [info] Scanned user extensions: 19
[2019-02-10 06:45:45.885] [sharedprocess] [info] Scanned user extensions: 19
[2019-02-10 06:50:45.899] [sharedprocess] [info] Scanned user extensions: 19
[2019-02-10 06:55:45.914] [sharedprocess] [info] Scanned user extensions: 19
[2019-02-10 07:00:45.929] [sharedprocess] [info] Scanned user extensions: 19
[2019-02-10 07:05:45.943] [sharedprocess] [info] Scanned user extensions: 19
[2019-02-10 07:10:45.958] [sharedprocess] [info] Scanned user extensions: 19
[2019-02-10 07:15:45.973] [sharedprocess] [info] Scanned user extensions: 19
[2019-02-10 07:20:45.985] [sharedprocess] [info] Scanned user extensions: 19
[2019-02-10 07:25:46.002] [sharedprocess] [info] Scanned user extensions: 19
[2019-02-10 07:30:46.021] [sharedprocess] [info] Scanned user extensions: 19
[2019-02-10 07:35:46.035] [sharedprocess] [info] Scanned user extensions: 19
[2019-02-10 07:40:46.051] [sharedprocess] [info] Scanned user extensions: 19
[2019-02-10 07:45:46.066] [sharedprocess] [info] Scanned user extensions: 19
[2019-02-10 07:50:46.084] [sharedprocess] [info] Scanned user extensions: 19
[2019-02-10 07:55:46.097] [sharedprocess] [info] Scanned user extensions: 19
[2019-02-10 08:00:46.114] [sharedprocess] [info] Scanned user extensions: 19
[2019-02-10 08:05:46.131] [sharedprocess] [info] Scanned user extensions: 19
[2019-02-10 08:10:46.151] [sharedprocess] [info] Scanned user extensions: 19
[2019-02-10 08:15:46.167] [sharedprocess] [info] Scanned user extensions: 19
[2019-02-10 08:20:46.184] [sharedprocess] [info] Scanned user extensions: 19
[2019-02-10 08:25:46.202] [sharedprocess] [info] Scanned user extensions: 19
[2019-02-10 08:30:46.219] [sharedprocess] [info] Scanned user extensions: 19
[2019-02-10 08:35:46.234] [sharedprocess] [info] Scanned user extensions: 19
[2019-02-10 08:40:46.253] [sharedprocess] [info] Scanned user extensions: 19
[2019-02-10 08:45:46.267] [sharedprocess] [info] Scanned user extensions: 19
[2019-02-10 08:50:46.283] [sharedprocess] [info] Scanned user extensions: 19
[2019-02-10 08:55:46.298] [sharedprocess] [info] Scanned user extensions: 19
[2019-02-10 09:00:46.314] [sharedprocess] [info] Scanned user extensions: 19
[2019-02-10 09:05:46.328] [sharedprocess] [info] Scanned user extensions: 19
[2019-02-10 09:10:46.346] [sharedprocess] [info] Scanned user extensions: 19
[2019-02-10 09:15:46.361] [sharedprocess] [info] Scanned user extensions: 19
[2019-02-10 09:20:46.378] [sharedprocess] [info] Scanned user extensions: 19
[2019-02-10 09:25:46.393] [sharedprocess] [info] Scanned user extensions: 19
[2019-02-10 09:30:46.409] [sharedprocess] [info] Scanned user extensions: 19
[2019-02-10 09:35:46.423] [sharedprocess] [info] Scanned user extensions: 19
[2019-02-10 09:40:46.438] [sharedprocess] [info] Scanned user extensions: 19
[2019-02-10 09:45:46.452] [sharedprocess] [info] Scanned user extensions: 19
[2019-02-10 09:50:46.467] [sharedprocess] [info] Scanned user extensions: 19
[2019-02-10 09:55:46.480] [sharedprocess] [info] Scanned user extensions: 19
[2019-02-10 10:00:46.496] [sharedprocess] [info] Scanned user extensions: 19
[2019-02-10 10:05:46.511] [sharedprocess] [info] Scanned user extensions: 19
[2019-02-10 10:10:46.528] [sharedprocess] [info] Scanned user extensions: 19
[2019-02-10 10:15:46.542] [sharedprocess] [info] Scanned user extensions: 19
[2019-02-10 10:20:46.556] [sharedprocess] [info] Scanned user extensions: 19
[2019-02-10 10:25:46.571] [sharedprocess] [info] Scanned user extensions: 19
[2019-02-10 10:30:46.585] [sharedprocess] [info] Scanned user extensions: 19
[2019-02-10 10:35:46.600] [sharedprocess] [info] Scanned user extensions: 19
[2019-02-10 10:40:46.614] [sharedprocess] [info] Scanned user extensions: 19
[2019-02-10 10:45:46.628] [sharedprocess] [info] Scanned user extensions: 19
[2019-02-10 10:50:46.672] [sharedprocess] [info] Scanned user extensions: 19
[2019-02-10 10:55:46.687] [sharedprocess] [info] Scanned user extensions: 19
[2019-02-10 11:00:46.702] [sharedprocess] [info] Scanned user extensions: 19
[2019-02-10 11:05:46.720] [sharedprocess] [info] Scanned user extensions: 19
[2019-02-10 11:10:46.739] [sharedprocess] [info] Scanned user extensions: 19
[2019-02-10 11:15:46.752] [sharedprocess] [info] Scanned user extensions: 19
[2019-02-10 11:20:46.766] [sharedprocess] [info] Scanned user extensions: 19
[2019-02-10 11:25:46.780] [sharedprocess] [info] Scanned user extensions: 19
[2019-02-10 11:30:46.795] [sharedprocess] [info] Scanned user extensions: 19
[2019-02-10 11:35:46.808] [sharedprocess] [info] Scanned user extensions: 19
[2019-02-10 11:40:46.824] [sharedprocess] [info] Scanned user extensions: 19
[2019-02-10 11:45:46.837] [sharedprocess] [info] Scanned user extensions: 19
